d:\onedrive - the ohio state university\icra-robomaster-2020-motion-planning\d_star_lite_cpp\debug\vc142.pdb
d:\onedrive - the ohio state university\icra-robomaster-2020-motion-planning\d_star_lite_cpp\debug\updatevertex.obj
d:\onedrive - the ohio state university\icra-robomaster-2020-motion-planning\d_star_lite_cpp\debug\updateregion.obj
d:\onedrive - the ohio state university\icra-robomaster-2020-motion-planning\d_star_lite_cpp\debug\updateedgecost.obj
d:\onedrive - the ohio state university\icra-robomaster-2020-motion-planning\d_star_lite_cpp\debug\rhs_cal.obj
d:\onedrive - the ohio state university\icra-robomaster-2020-motion-planning\d_star_lite_cpp\debug\issameposition.obj
d:\onedrive - the ohio state university\icra-robomaster-2020-motion-planning\d_star_lite_cpp\debug\isinlist.obj
d:\onedrive - the ohio state university\icra-robomaster-2020-motion-planning\d_star_lite_cpp\debug\initialize.obj
d:\onedrive - the ohio state university\icra-robomaster-2020-motion-planning\d_star_lite_cpp\debug\getobstaclecover.obj
d:\onedrive - the ohio state university\icra-robomaster-2020-motion-planning\d_star_lite_cpp\debug\getminkey.obj
d:\onedrive - the ohio state university\icra-robomaster-2020-motion-planning\d_star_lite_cpp\debug\getboundary.obj
d:\onedrive - the ohio state university\icra-robomaster-2020-motion-planning\d_star_lite_cpp\debug\generatepath.obj
d:\onedrive - the ohio state university\icra-robomaster-2020-motion-planning\d_star_lite_cpp\debug\computeshortestpath.obj
d:\onedrive - the ohio state university\icra-robomaster-2020-motion-planning\d_star_lite_cpp\debug\comparekey.obj
d:\onedrive - the ohio state university\icra-robomaster-2020-motion-planning\d_star_lite_cpp\debug\calculatekey.obj
d:\onedrive - the ohio state university\icra-robomaster-2020-motion-planning\d_star_lite_cpp\debug\d_start_lite.exe
d:\onedrive - the ohio state university\icra-robomaster-2020-motion-planning\d_star_lite_cpp\debug\d_start_lite.ilk
d:\onedrive - the ohio state university\icra-robomaster-2020-motion-planning\d_star_lite_cpp\debug\d_start_lite.pdb
d:\onedrive - the ohio state university\icra-robomaster-2020-motion-planning\d_star_lite_cpp\debug\d_start_lite.tlog\cl.command.1.tlog
d:\onedrive - the ohio state university\icra-robomaster-2020-motion-planning\d_star_lite_cpp\debug\d_start_lite.tlog\cl.read.1.tlog
d:\onedrive - the ohio state university\icra-robomaster-2020-motion-planning\d_star_lite_cpp\debug\d_start_lite.tlog\cl.write.1.tlog
d:\onedrive - the ohio state university\icra-robomaster-2020-motion-planning\d_star_lite_cpp\debug\d_start_lite.tlog\link.command.1.tlog
d:\onedrive - the ohio state university\icra-robomaster-2020-motion-planning\d_star_lite_cpp\debug\d_start_lite.tlog\link.read.1.tlog
d:\onedrive - the ohio state university\icra-robomaster-2020-motion-planning\d_star_lite_cpp\debug\d_start_lite.tlog\link.write.1.tlog
