d:\onedrive - the ohio state university\icra-robomaster-2020-motion-planning\d star lite c++\d_start_lite\x64\debug\vc142.pdb
d:\onedrive - the ohio state university\icra-robomaster-2020-motion-planning\d star lite c++\d_start_lite\x64\debug\vc142.idb
d:\onedrive - the ohio state university\icra-robomaster-2020-motion-planning\d star lite c++\d_start_lite\x64\debug\initialize.obj
d:\onedrive - the ohio state university\icra-robomaster-2020-motion-planning\d star lite c++\d_start_lite\x64\debug\computeshortestpath.obj
d:\onedrive - the ohio state university\icra-robomaster-2020-motion-planning\d star lite c++\d_start_lite\x64\debug\main.obj
d:\onedrive - the ohio state university\icra-robomaster-2020-motion-planning\d star lite c++\d_start_lite\x64\debug\calculatekey.obj
d:\onedrive - the ohio state university\icra-robomaster-2020-motion-planning\d star lite c++\d_start_lite\x64\debug\updatevertex.obj
d:\onedrive - the ohio state university\icra-robomaster-2020-motion-planning\d star lite c++\d_start_lite\x64\debug\generatepath.obj
d:\onedrive - the ohio state university\icra-robomaster-2020-motion-planning\d star lite c++\d_start_lite\x64\debug\issameposition.obj
d:\onedrive - the ohio state university\icra-robomaster-2020-motion-planning\d star lite c++\d_start_lite\x64\debug\getobstaclecover.obj
d:\onedrive - the ohio state university\icra-robomaster-2020-motion-planning\d star lite c++\d_start_lite\x64\debug\getminkey.obj
d:\onedrive - the ohio state university\icra-robomaster-2020-motion-planning\d star lite c++\d_start_lite\x64\debug\isinlist.obj
d:\onedrive - the ohio state university\icra-robomaster-2020-motion-planning\d star lite c++\d_start_lite\x64\debug\comparekey.obj
d:\onedrive - the ohio state university\icra-robomaster-2020-motion-planning\d star lite c++\d_start_lite\x64\debug\getboundary.obj
d:\onedrive - the ohio state university\icra-robomaster-2020-motion-planning\d star lite c++\d_start_lite\x64\debug\rhs_cal.obj
d:\onedrive - the ohio state university\icra-robomaster-2020-motion-planning\d star lite c++\d_start_lite\x64\debug\updateregion.obj
d:\onedrive - the ohio state university\icra-robomaster-2020-motion-planning\d star lite c++\d_start_lite\x64\debug\d_start_lite.exe
d:\onedrive - the ohio state university\icra-robomaster-2020-motion-planning\d star lite c++\d_start_lite\x64\debug\d_start_lite.ilk
d:\onedrive - the ohio state university\icra-robomaster-2020-motion-planning\d star lite c++\d_start_lite\x64\debug\d_start_lite.pdb
d:\onedrive - the ohio state university\icra-robomaster-2020-motion-planning\d star lite c++\d_start_lite\x64\debug\nativecodeanalysis.read.1.tlog
d:\onedrive - the ohio state university\icra-robomaster-2020-motion-planning\d star lite c++\d_start_lite\x64\debug\main.nativecodeanalysis.xml
d:\onedrive - the ohio state university\icra-robomaster-2020-motion-planning\d star lite c++\d_start_lite\x64\debug\vc.nativecodeanalysis.all.xml
d:\onedrive - the ohio state university\icra-robomaster-2020-motion-planning\d star lite c++\d_start_lite\x64\debug\d_start_lite.tlog\cl.command.1.tlog
d:\onedrive - the ohio state university\icra-robomaster-2020-motion-planning\d star lite c++\d_start_lite\x64\debug\d_start_lite.tlog\cl.read.1.tlog
d:\onedrive - the ohio state university\icra-robomaster-2020-motion-planning\d star lite c++\d_start_lite\x64\debug\d_start_lite.tlog\cl.write.1.tlog
d:\onedrive - the ohio state university\icra-robomaster-2020-motion-planning\d star lite c++\d_start_lite\x64\debug\d_start_lite.tlog\link.command.1.tlog
d:\onedrive - the ohio state university\icra-robomaster-2020-motion-planning\d star lite c++\d_start_lite\x64\debug\d_start_lite.tlog\link.read.1.tlog
d:\onedrive - the ohio state university\icra-robomaster-2020-motion-planning\d star lite c++\d_start_lite\x64\debug\d_start_lite.tlog\link.write.1.tlog
